2010-01-28 14:24:48,849 [http-8080-1] ERROR StackTrace  - Sanitizing stacktrace:
java.lang.NullPointerException
	at java.lang.Class.searchMethods(Class.java:2646)
	at java.lang.Class.getMethod0(Class.java:2670)
	at java.lang.Class.getMethod(Class.java:1603)
	at sun.reflect.NativeMethodAccessorImpl.invoke0(Native Method)
	at sun.reflect.NativeMethodAccessorImpl.invoke(NativeMethodAccessorImpl.java:39)
	at sun.reflect.DelegatingMethodAccessorImpl.invoke(DelegatingMethodAccessorImpl.java:25)
	at java.lang.reflect.Method.invoke(Method.java:597)
	at org.codehaus.groovy.reflection.CachedMethod.invoke(CachedMethod.java:86)
	at groovy.lang.MetaMethod.doMethodInvoke(MetaMethod.java:234)
	at org.codehaus.groovy.runtime.callsite.StaticMetaMethodSite.invoke(StaticMetaMethodSite.java:43)
	at org.codehaus.groovy.runtime.callsite.StaticMetaMethodSite.call(StaticMetaMethodSite.java:88)
	at org.codehaus.groovy.runtime.callsite.CallSiteArray.defaultCall(CallSiteArray.java:40)
	at org.codehaus.groovy.runtime.callsite.AbstractCallSite.call(AbstractCallSite.java:117)
	at org.codehaus.groovy.runtime.callsite.AbstractCallSite.call(AbstractCallSite.java:129)
	at Xmlrpc.service(Xmlrpc.groovy:38)
	at Xmlrpc$service.call(Unknown Source)
	at org.codehaus.groovy.runtime.callsite.CallSiteArray.defaultCall(CallSiteArray.java:40)
	at org.codehaus.groovy.runtime.callsite.AbstractCallSite.call(AbstractCallSite.java:117)
	at org.codehaus.groovy.runtime.callsite.AbstractCallSite.call(AbstractCallSite.java:129)
	at FillpdfController$_closure2.doCall(FillpdfController.groovy:12)
	at sun.reflect.NativeMethodAccessorImpl.invoke0(Native Method)
	at sun.reflect.NativeMethodAccessorImpl.invoke(NativeMethodAccessorImpl.java:39)
	at sun.reflect.DelegatingMethodAccessorImpl.invoke(DelegatingMethodAccessorImpl.java:25)
	at java.lang.reflect.Method.invoke(Method.java:597)
	at org.codehaus.groovy.runtime.callsite.PogoMetaMethodSite$PogoCachedMethodSite.invoke(PogoMetaMethodSite.java:225)
	at org.codehaus.groovy.runtime.callsite.PogoMetaMethodSite.callCurrent(PogoMetaMethodSite.java:51)
	at org.codehaus.groovy.runtime.callsite.CallSiteArray.defaultCallCurrent(CallSiteArray.java:44)
	at org.codehaus.groovy.runtime.callsite.AbstractCallSite.callCurrent(AbstractCallSite.java:143)
	at org.codehaus.groovy.runtime.callsite.AbstractCallSite.callCurrent(AbstractCallSite.java:151)
	at FillpdfController$_closure2.doCall(FillpdfController.groovy)
	at sun.reflect.NativeMethodAccessorImpl.invoke0(Native Method)
	at sun.reflect.NativeMethodAccessorImpl.invoke(NativeMethodAccessorImpl.java:39)
	at sun.reflect.DelegatingMethodAccessorImpl.invoke(DelegatingMethodAccessorImpl.java:25)
	at java.lang.reflect.Method.invoke(Method.java:597)
	at org.codehaus.groovy.reflection.CachedMethod.invoke(CachedMethod.java:86)
	at groovy.lang.MetaMethod.doMethodInvoke(MetaMethod.java:234)
	at groovy.lang.MetaClassImpl.invokeMethod(MetaClassImpl.java:1049)
	at groovy.lang.ExpandoMetaClass.invokeMethod(ExpandoMetaClass.java:923)
	at groovy.lang.MetaClassImpl.invokeMethod(MetaClassImpl.java:880)
	at groovy.lang.Closure.call(Closure.java:279)
	at groovy.lang.Closure.call(Closure.java:274)
	at org.codehaus.groovy.grails.web.servlet.mvc.SimpleGrailsControllerHelper.handleAction(SimpleGrailsControllerHelper.java:377)
	at org.codehaus.groovy.grails.web.servlet.mvc.SimpleGrailsControllerHelper.executeAction(SimpleGrailsControllerHelper.java:244)
	at org.codehaus.groovy.grails.web.servlet.mvc.SimpleGrailsControllerHelper.handleURI(SimpleGrailsControllerHelper.java:202)
	at org.codehaus.groovy.grails.web.servlet.mvc.SimpleGrailsControllerHelper.handleURI(SimpleGrailsControllerHelper.java:137)
	at org.codehaus.groovy.grails.web.servlet.mvc.SimpleGrailsController.handleRequest(SimpleGrailsController.java:88)
	at org.springframework.web.servlet.mvc.SimpleControllerHandlerAdapter.handle(SimpleControllerHandlerAdapter.java:48)
	at org.codehaus.groovy.grails.web.servlet.GrailsDispatcherServlet.doDispatch(GrailsDispatcherServlet.java:255)
	at org.springframework.web.servlet.DispatcherServlet.doService(DispatcherServlet.java:716)
	at org.springframework.web.servlet.FrameworkServlet.processRequest(FrameworkServlet.java:647)
	at org.springframework.web.servlet.FrameworkServlet.doGet(FrameworkServlet.java:552)
	at javax.servlet.http.HttpServlet.service(HttpServlet.java:707)
	at javax.servlet.http.HttpServlet.service(HttpServlet.java:820)
	at org.apache.catalina.core.ApplicationFilterChain.internalDoFilter(ApplicationFilterChain.java:290)
	at org.apache.catalina.core.ApplicationFilterChain.doFilter(ApplicationFilterChain.java:206)
	at org.springframework.web.filter.OncePerRequestFilter.doFilter(OncePerRequestFilter.java:70)
	at org.apache.catalina.core.ApplicationFilterChain.internalDoFilter(ApplicationFilterChain.java:235)
	at org.apache.catalina.core.ApplicationFilterChain.doFilter(ApplicationFilterChain.java:206)
	at org.springframework.web.filter.OncePerRequestFilter.doFilter(OncePerRequestFilter.java:70)
	at org.apache.catalina.core.ApplicationFilterChain.internalDoFilter(ApplicationFilterChain.java:235)
	at org.apache.catalina.core.ApplicationFilterChain.doFilter(ApplicationFilterChain.java:206)
	at org.springframework.web.filter.OncePerRequestFilter.doFilter(OncePerRequestFilter.java:70)
	at org.apache.catalina.core.ApplicationFilterChain.internalDoFilter(ApplicationFilterChain.java:235)
	at org.apache.catalina.core.ApplicationFilterChain.doFilter(ApplicationFilterChain.java:206)
	at org.springframework.web.filter.OncePerRequestFilter.doFilter(OncePerRequestFilter.java:70)
	at org.apache.catalina.core.ApplicationFilterChain.internalDoFilter(ApplicationFilterChain.java:235)
	at org.apache.catalina.core.ApplicationFilterChain.doFilter(ApplicationFilterChain.java:206)
	at org.apache.catalina.core.ApplicationDispatcher.invoke(ApplicationDispatcher.java:646)
	at org.apache.catalina.core.ApplicationDispatcher.processRequest(ApplicationDispatcher.java:436)
	at org.apache.catalina.core.ApplicationDispatcher.doForward(ApplicationDispatcher.java:374)
	at org.apache.catalina.core.ApplicationDispatcher.forward(ApplicationDispatcher.java:302)
	at org.codehaus.groovy.grails.web.util.WebUtils.forwardRequestForUrlMappingInfo(WebUtils.java:301)
	at org.codehaus.groovy.grails.web.util.WebUtils.forwardRequestForUrlMappingInfo(WebUtils.java:277)
	at org.codehaus.groovy.grails.web.util.WebUtils.forwardRequestForUrlMappingInfo(WebUtils.java:269)
	at org.codehaus.groovy.grails.web.mapping.filter.UrlMappingsFilter.doFilterInternal(UrlMappingsFilter.java:187)
	at org.springframework.web.filter.OncePerRequestFilter.doFilter(OncePerRequestFilter.java:76)
	at org.apache.catalina.core.ApplicationFilterChain.internalDoFilter(ApplicationFilterChain.java:235)
	at org.apache.catalina.core.ApplicationFilterChain.doFilter(ApplicationFilterChain.java:206)
	at org.codehaus.groovy.grails.web.sitemesh.GrailsPageFilter.obtainContent(GrailsPageFilter.java:249)
	at org.codehaus.groovy.grails.web.sitemesh.GrailsPageFilter.doFilter(GrailsPageFilter.java:140)
	at org.apache.catalina.core.ApplicationFilterChain.internalDoFilter(ApplicationFilterChain.java:235)
	at org.apache.catalina.core.ApplicationFilterChain.doFilter(ApplicationFilterChain.java:206)
	at org.codehaus.groovy.grails.web.servlet.filter.GrailsReloadServletFilter.doFilterInternal(GrailsReloadServletFilter.java:101)
	at org.springframework.web.filter.OncePerRequestFilter.doFilter(OncePerRequestFilter.java:76)
	at org.apache.catalina.core.ApplicationFilterChain.internalDoFilter(ApplicationFilterChain.java:235)
	at org.apache.catalina.core.ApplicationFilterChain.doFilter(ApplicationFilterChain.java:206)
	at org.codehaus.groovy.grails.web.servlet.mvc.GrailsWebRequestFilter.doFilterInternal(GrailsWebRequestFilter.java:65)
	at org.springframework.web.filter.OncePerRequestFilter.doFilter(OncePerRequestFilter.java:76)
	at org.apache.catalina.core.ApplicationFilterChain.internalDoFilter(ApplicationFilterChain.java:235)
	at org.apache.catalina.core.ApplicationFilterChain.doFilter(ApplicationFilterChain.java:206)
	at org.codehaus.groovy.grails.web.filters.HiddenHttpMethodFilter.doFilterInternal(HiddenHttpMethodFilter.java:66)
	at org.springframework.web.filter.OncePerRequestFilter.doFilter(OncePerRequestFilter.java:76)
	at org.apache.catalina.core.ApplicationFilterChain.internalDoFilter(ApplicationFilterChain.java:235)
	at org.apache.catalina.core.ApplicationFilterChain.doFilter(ApplicationFilterChain.java:206)
	at org.springframework.web.filter.CharacterEncodingFilter.doFilterInternal(CharacterEncodingFilter.java:88)
	at org.springframework.web.filter.OncePerRequestFilter.doFilter(OncePerRequestFilter.java:76)
	at org.springframework.web.filter.DelegatingFilterProxy.invokeDelegate(DelegatingFilterProxy.java:237)
	at org.springframework.web.filter.DelegatingFilterProxy.doFilter(DelegatingFilterProxy.java:167)
	at org.apache.catalina.core.ApplicationFilterChain.internalDoFilter(ApplicationFilterChain.java:235)
	at org.apache.catalina.core.ApplicationFilterChain.doFilter(ApplicationFilterChain.java:206)
	at org.apache.catalina.core.StandardWrapperValve.invoke(StandardWrapperValve.java:233)
	at org.apache.catalina.core.StandardContextValve.invoke(StandardContextValve.java:191)
	at org.apache.catalina.core.StandardHostValve.invoke(StandardHostValve.java:128)
	at org.apache.catalina.valves.ErrorReportValve.invoke(ErrorReportValve.java:102)
	at org.apache.catalina.core.StandardEngineValve.invoke(StandardEngineValve.java:109)
	at org.apache.catalina.connector.CoyoteAdapter.service(CoyoteAdapter.java:293)
	at org.apache.coyote.http11.Http11Processor.process(Http11Processor.java:849)
	at org.apache.coyote.http11.Http11Protocol$Http11ConnectionHandler.process(Http11Protocol.java:583)
	at org.apache.tomcat.util.net.JIoEndpoint$Worker.run(JIoEndpoint.java:454)
	at java.lang.Thread.run(Thread.java:637)
2010-01-28 14:24:48,852 [http-8080-1] ERROR StackTrace  - Sanitizing stacktrace:
org.codehaus.groovy.runtime.InvokerInvocationException: java.lang.NullPointerException
	at org.codehaus.groovy.reflection.CachedMethod.invoke(CachedMethod.java:92)
	at groovy.lang.MetaMethod.doMethodInvoke(MetaMethod.java:234)
	at groovy.lang.MetaClassImpl.invokeMethod(MetaClassImpl.java:1049)
	at groovy.lang.ExpandoMetaClass.invokeMethod(ExpandoMetaClass.java:923)
	at groovy.lang.MetaClassImpl.invokeMethod(MetaClassImpl.java:880)
	at groovy.lang.Closure.call(Closure.java:279)
	at groovy.lang.Closure.call(Closure.java:274)
	at org.codehaus.groovy.grails.web.servlet.mvc.SimpleGrailsControllerHelper.handleAction(SimpleGrailsControllerHelper.java:377)
	at org.codehaus.groovy.grails.web.servlet.mvc.SimpleGrailsControllerHelper.executeAction(SimpleGrailsControllerHelper.java:244)
	at org.codehaus.groovy.grails.web.servlet.mvc.SimpleGrailsControllerHelper.handleURI(SimpleGrailsControllerHelper.java:202)
	at org.codehaus.groovy.grails.web.servlet.mvc.SimpleGrailsControllerHelper.handleURI(SimpleGrailsControllerHelper.java:137)
	at org.codehaus.groovy.grails.web.servlet.mvc.SimpleGrailsController.handleRequest(SimpleGrailsController.java:88)
	at org.springframework.web.servlet.mvc.SimpleControllerHandlerAdapter.handle(SimpleControllerHandlerAdapter.java:48)
	at org.codehaus.groovy.grails.web.servlet.GrailsDispatcherServlet.doDispatch(GrailsDispatcherServlet.java:255)
	at org.springframework.web.servlet.DispatcherServlet.doService(DispatcherServlet.java:716)
	at org.springframework.web.servlet.FrameworkServlet.processRequest(FrameworkServlet.java:647)
	at org.springframework.web.servlet.FrameworkServlet.doGet(FrameworkServlet.java:552)
	at javax.servlet.http.HttpServlet.service(HttpServlet.java:707)
	at javax.servlet.http.HttpServlet.service(HttpServlet.java:820)
	at org.apache.catalina.core.ApplicationFilterChain.internalDoFilter(ApplicationFilterChain.java:290)
	at org.apache.catalina.core.ApplicationFilterChain.doFilter(ApplicationFilterChain.java:206)
	at org.springframework.web.filter.OncePerRequestFilter.doFilter(OncePerRequestFilter.java:70)
	at org.apache.catalina.core.ApplicationFilterChain.internalDoFilter(ApplicationFilterChain.java:235)
	at org.apache.catalina.core.ApplicationFilterChain.doFilter(ApplicationFilterChain.java:206)
	at org.springframework.web.filter.OncePerRequestFilter.doFilter(OncePerRequestFilter.java:70)
	at org.apache.catalina.core.ApplicationFilterChain.internalDoFilter(ApplicationFilterChain.java:235)
	at org.apache.catalina.core.ApplicationFilterChain.doFilter(ApplicationFilterChain.java:206)
	at org.springframework.web.filter.OncePerRequestFilter.doFilter(OncePerRequestFilter.java:70)
	at org.apache.catalina.core.ApplicationFilterChain.internalDoFilter(ApplicationFilterChain.java:235)
	at org.apache.catalina.core.ApplicationFilterChain.doFilter(ApplicationFilterChain.java:206)
	at org.springframework.web.filter.OncePerRequestFilter.doFilter(OncePerRequestFilter.java:70)
	at org.apache.catalina.core.ApplicationFilterChain.internalDoFilter(ApplicationFilterChain.java:235)
	at org.apache.catalina.core.ApplicationFilterChain.doFilter(ApplicationFilterChain.java:206)
	at org.apache.catalina.core.ApplicationDispatcher.invoke(ApplicationDispatcher.java:646)
	at org.apache.catalina.core.ApplicationDispatcher.processRequest(ApplicationDispatcher.java:436)
	at org.apache.catalina.core.ApplicationDispatcher.doForward(ApplicationDispatcher.java:374)
	at org.apache.catalina.core.ApplicationDispatcher.forward(ApplicationDispatcher.java:302)
	at org.codehaus.groovy.grails.web.util.WebUtils.forwardRequestForUrlMappingInfo(WebUtils.java:301)
	at org.codehaus.groovy.grails.web.util.WebUtils.forwardRequestForUrlMappingInfo(WebUtils.java:277)
	at org.codehaus.groovy.grails.web.util.WebUtils.forwardRequestForUrlMappingInfo(WebUtils.java:269)
	at org.codehaus.groovy.grails.web.mapping.filter.UrlMappingsFilter.doFilterInternal(UrlMappingsFilter.java:187)
	at org.springframework.web.filter.OncePerRequestFilter.doFilter(OncePerRequestFilter.java:76)
	at org.apache.catalina.core.ApplicationFilterChain.internalDoFilter(ApplicationFilterChain.java:235)
	at org.apache.catalina.core.ApplicationFilterChain.doFilter(ApplicationFilterChain.java:206)
	at org.codehaus.groovy.grails.web.sitemesh.GrailsPageFilter.obtainContent(GrailsPageFilter.java:249)
	at org.codehaus.groovy.grails.web.sitemesh.GrailsPageFilter.doFilter(GrailsPageFilter.java:140)
	at org.apache.catalina.core.ApplicationFilterChain.internalDoFilter(ApplicationFilterChain.java:235)
	at org.apache.catalina.core.ApplicationFilterChain.doFilter(ApplicationFilterChain.java:206)
	at org.codehaus.groovy.grails.web.servlet.filter.GrailsReloadServletFilter.doFilterInternal(GrailsReloadServletFilter.java:101)
	at org.springframework.web.filter.OncePerRequestFilter.doFilter(OncePerRequestFilter.java:76)
	at org.apache.catalina.core.ApplicationFilterChain.internalDoFilter(ApplicationFilterChain.java:235)
	at org.apache.catalina.core.ApplicationFilterChain.doFilter(ApplicationFilterChain.java:206)
	at org.codehaus.groovy.grails.web.servlet.mvc.GrailsWebRequestFilter.doFilterInternal(GrailsWebRequestFilter.java:65)
	at org.springframework.web.filter.OncePerRequestFilter.doFilter(OncePerRequestFilter.java:76)
	at org.apache.catalina.core.ApplicationFilterChain.internalDoFilter(ApplicationFilterChain.java:235)
	at org.apache.catalina.core.ApplicationFilterChain.doFilter(ApplicationFilterChain.java:206)
	at org.codehaus.groovy.grails.web.filters.HiddenHttpMethodFilter.doFilterInternal(HiddenHttpMethodFilter.java:66)
	at org.springframework.web.filter.OncePerRequestFilter.doFilter(OncePerRequestFilter.java:76)
	at org.apache.catalina.core.ApplicationFilterChain.internalDoFilter(ApplicationFilterChain.java:235)
	at org.apache.catalina.core.ApplicationFilterChain.doFilter(ApplicationFilterChain.java:206)
	at org.springframework.web.filter.CharacterEncodingFilter.doFilterInternal(CharacterEncodingFilter.java:88)
	at org.springframework.web.filter.OncePerRequestFilter.doFilter(OncePerRequestFilter.java:76)
	at org.springframework.web.filter.DelegatingFilterProxy.invokeDelegate(DelegatingFilterProxy.java:237)
	at org.springframework.web.filter.DelegatingFilterProxy.doFilter(DelegatingFilterProxy.java:167)
	at org.apache.catalina.core.ApplicationFilterChain.internalDoFilter(ApplicationFilterChain.java:235)
	at org.apache.catalina.core.ApplicationFilterChain.doFilter(ApplicationFilterChain.java:206)
	at org.apache.catalina.core.StandardWrapperValve.invoke(StandardWrapperValve.java:233)
	at org.apache.catalina.core.StandardContextValve.invoke(StandardContextValve.java:191)
	at org.apache.catalina.core.StandardHostValve.invoke(StandardHostValve.java:128)
	at org.apache.catalina.valves.ErrorReportValve.invoke(ErrorReportValve.java:102)
	at org.apache.catalina.core.StandardEngineValve.invoke(StandardEngineValve.java:109)
	at org.apache.catalina.connector.CoyoteAdapter.service(CoyoteAdapter.java:293)
	at org.apache.coyote.http11.Http11Processor.process(Http11Processor.java:849)
	at org.apache.coyote.http11.Http11Protocol$Http11ConnectionHandler.process(Http11Protocol.java:583)
	at org.apache.tomcat.util.net.JIoEndpoint$Worker.run(JIoEndpoint.java:454)
	at java.lang.Thread.run(Thread.java:637)
Caused by: java.lang.NullPointerException
	at java.lang.Class.searchMethods(Class.java:2646)
	at java.lang.Class.getMethod0(Class.java:2670)
	at java.lang.Class.getMethod(Class.java:1603)
	at Xmlrpc.service(Xmlrpc.groovy:38)
	at Xmlrpc$service.call(Unknown Source)
	at FillpdfController$_closure2.doCall(FillpdfController.groovy:12)
	at FillpdfController$_closure2.doCall(FillpdfController.groovy)
	... 1 more
2010-01-28 14:24:48,854 [http-8080-1] ERROR StackTrace  - Sanitizing stacktrace:
org.codehaus.groovy.runtime.InvokerInvocationException: java.lang.NullPointerException
	at java.lang.Thread.run(Thread.java:637)
Caused by: java.lang.NullPointerException
	at java.lang.Class.searchMethods(Class.java:2646)
	at java.lang.Class.getMethod0(Class.java:2670)
	at java.lang.Class.getMethod(Class.java:1603)
	at Xmlrpc.service(Xmlrpc.groovy:38)
	at Xmlrpc$service.call(Unknown Source)
	at FillpdfController$_closure2.doCall(FillpdfController.groovy:12)
	at FillpdfController$_closure2.doCall(FillpdfController.groovy)
	... 1 more
2010-01-28 14:24:48,854 [http-8080-1] ERROR StackTrace  - Sanitizing stacktrace:
java.lang.NullPointerException
	at java.lang.Class.searchMethods(Class.java:2646)
	at java.lang.Class.getMethod0(Class.java:2670)
	at java.lang.Class.getMethod(Class.java:1603)
	at Xmlrpc.service(Xmlrpc.groovy:38)
	at Xmlrpc$service.call(Unknown Source)
	at FillpdfController$_closure2.doCall(FillpdfController.groovy:12)
	at FillpdfController$_closure2.doCall(FillpdfController.groovy)
	at java.lang.Thread.run(Thread.java:637)
2010-01-28 14:24:48,855 [http-8080-1] ERROR StackTrace  - Sanitizing stacktrace:
org.codehaus.groovy.grails.web.servlet.mvc.exceptions.ControllerExecutionException: Executing action [xmlrpc] of controller [FillpdfController]  caused exception: java.lang.NullPointerException
	at org.codehaus.groovy.grails.web.servlet.mvc.SimpleGrailsControllerHelper.executeAction(SimpleGrailsControllerHelper.java:250)
	at org.codehaus.groovy.grails.web.servlet.mvc.SimpleGrailsControllerHelper.handleURI(SimpleGrailsControllerHelper.java:202)
	at org.codehaus.groovy.grails.web.servlet.mvc.SimpleGrailsControllerHelper.handleURI(SimpleGrailsControllerHelper.java:137)
	at org.codehaus.groovy.grails.web.servlet.mvc.SimpleGrailsController.handleRequest(SimpleGrailsController.java:88)
	at org.springframework.web.servlet.mvc.SimpleControllerHandlerAdapter.handle(SimpleControllerHandlerAdapter.java:48)
	at org.codehaus.groovy.grails.web.servlet.GrailsDispatcherServlet.doDispatch(GrailsDispatcherServlet.java:255)
	at org.springframework.web.servlet.DispatcherServlet.doService(DispatcherServlet.java:716)
	at org.springframework.web.servlet.FrameworkServlet.processRequest(FrameworkServlet.java:647)
	at org.springframework.web.servlet.FrameworkServlet.doGet(FrameworkServlet.java:552)
	at javax.servlet.http.HttpServlet.service(HttpServlet.java:707)
	at javax.servlet.http.HttpServlet.service(HttpServlet.java:820)
	at org.apache.catalina.core.ApplicationFilterChain.internalDoFilter(ApplicationFilterChain.java:290)
	at org.apache.catalina.core.ApplicationFilterChain.doFilter(ApplicationFilterChain.java:206)
	at org.springframework.web.filter.OncePerRequestFilter.doFilter(OncePerRequestFilter.java:70)
	at org.apache.catalina.core.ApplicationFilterChain.internalDoFilter(ApplicationFilterChain.java:235)
	at org.apache.catalina.core.ApplicationFilterChain.doFilter(ApplicationFilterChain.java:206)
	at org.springframework.web.filter.OncePerRequestFilter.doFilter(OncePerRequestFilter.java:70)
	at org.apache.catalina.core.ApplicationFilterChain.internalDoFilter(ApplicationFilterChain.java:235)
	at org.apache.catalina.core.ApplicationFilterChain.doFilter(ApplicationFilterChain.java:206)
	at org.springframework.web.filter.OncePerRequestFilter.doFilter(OncePerRequestFilter.java:70)
	at org.apache.catalina.core.ApplicationFilterChain.internalDoFilter(ApplicationFilterChain.java:235)
	at org.apache.catalina.core.ApplicationFilterChain.doFilter(ApplicationFilterChain.java:206)
	at org.springframework.web.filter.OncePerRequestFilter.doFilter(OncePerRequestFilter.java:70)
	at org.apache.catalina.core.ApplicationFilterChain.internalDoFilter(ApplicationFilterChain.java:235)
	at org.apache.catalina.core.ApplicationFilterChain.doFilter(ApplicationFilterChain.java:206)
	at org.apache.catalina.core.ApplicationDispatcher.invoke(ApplicationDispatcher.java:646)
	at org.apache.catalina.core.ApplicationDispatcher.processRequest(ApplicationDispatcher.java:436)
	at org.apache.catalina.core.ApplicationDispatcher.doForward(ApplicationDispatcher.java:374)
	at org.apache.catalina.core.ApplicationDispatcher.forward(ApplicationDispatcher.java:302)
	at org.codehaus.groovy.grails.web.util.WebUtils.forwardRequestForUrlMappingInfo(WebUtils.java:301)
	at org.codehaus.groovy.grails.web.util.WebUtils.forwardRequestForUrlMappingInfo(WebUtils.java:277)
	at org.codehaus.groovy.grails.web.util.WebUtils.forwardRequestForUrlMappingInfo(WebUtils.java:269)
	at org.codehaus.groovy.grails.web.mapping.filter.UrlMappingsFilter.doFilterInternal(UrlMappingsFilter.java:187)
	at org.springframework.web.filter.OncePerRequestFilter.doFilter(OncePerRequestFilter.java:76)
	at org.apache.catalina.core.ApplicationFilterChain.internalDoFilter(ApplicationFilterChain.java:235)
	at org.apache.catalina.core.ApplicationFilterChain.doFilter(ApplicationFilterChain.java:206)
	at org.codehaus.groovy.grails.web.sitemesh.GrailsPageFilter.obtainContent(GrailsPageFilter.java:249)
	at org.codehaus.groovy.grails.web.sitemesh.GrailsPageFilter.doFilter(GrailsPageFilter.java:140)
	at org.apache.catalina.core.ApplicationFilterChain.internalDoFilter(ApplicationFilterChain.java:235)
	at org.apache.catalina.core.ApplicationFilterChain.doFilter(ApplicationFilterChain.java:206)
	at org.codehaus.groovy.grails.web.servlet.filter.GrailsReloadServletFilter.doFilterInternal(GrailsReloadServletFilter.java:101)
	at org.springframework.web.filter.OncePerRequestFilter.doFilter(OncePerRequestFilter.java:76)
	at org.apache.catalina.core.ApplicationFilterChain.internalDoFilter(ApplicationFilterChain.java:235)
	at org.apache.catalina.core.ApplicationFilterChain.doFilter(ApplicationFilterChain.java:206)
	at org.codehaus.groovy.grails.web.servlet.mvc.GrailsWebRequestFilter.doFilterInternal(GrailsWebRequestFilter.java:65)
	at org.springframework.web.filter.OncePerRequestFilter.doFilter(OncePerRequestFilter.java:76)
	at org.apache.catalina.core.ApplicationFilterChain.internalDoFilter(ApplicationFilterChain.java:235)
	at org.apache.catalina.core.ApplicationFilterChain.doFilter(ApplicationFilterChain.java:206)
	at org.codehaus.groovy.grails.web.filters.HiddenHttpMethodFilter.doFilterInternal(HiddenHttpMethodFilter.java:66)
	at org.springframework.web.filter.OncePerRequestFilter.doFilter(OncePerRequestFilter.java:76)
	at org.apache.catalina.core.ApplicationFilterChain.internalDoFilter(ApplicationFilterChain.java:235)
	at org.apache.catalina.core.ApplicationFilterChain.doFilter(ApplicationFilterChain.java:206)
	at org.springframework.web.filter.CharacterEncodingFilter.doFilterInternal(CharacterEncodingFilter.java:88)
	at org.springframework.web.filter.OncePerRequestFilter.doFilter(OncePerRequestFilter.java:76)
	at org.springframework.web.filter.DelegatingFilterProxy.invokeDelegate(DelegatingFilterProxy.java:237)
	at org.springframework.web.filter.DelegatingFilterProxy.doFilter(DelegatingFilterProxy.java:167)
	at org.apache.catalina.core.ApplicationFilterChain.internalDoFilter(ApplicationFilterChain.java:235)
	at org.apache.catalina.core.ApplicationFilterChain.doFilter(ApplicationFilterChain.java:206)
	at org.apache.catalina.core.StandardWrapperValve.invoke(StandardWrapperValve.java:233)
	at org.apache.catalina.core.StandardContextValve.invoke(StandardContextValve.java:191)
	at org.apache.catalina.core.StandardHostValve.invoke(StandardHostValve.java:128)
	at org.apache.catalina.valves.ErrorReportValve.invoke(ErrorReportValve.java:102)
	at org.apache.catalina.core.StandardEngineValve.invoke(StandardEngineValve.java:109)
	at org.apache.catalina.connector.CoyoteAdapter.service(CoyoteAdapter.java:293)
	at org.apache.coyote.http11.Http11Processor.process(Http11Processor.java:849)
	at org.apache.coyote.http11.Http11Protocol$Http11ConnectionHandler.process(Http11Protocol.java:583)
	at org.apache.tomcat.util.net.JIoEndpoint$Worker.run(JIoEndpoint.java:454)
	at java.lang.Thread.run(Thread.java:637)
Caused by: org.codehaus.groovy.runtime.InvokerInvocationException: java.lang.NullPointerException
	... 1 more
Caused by: java.lang.NullPointerException
	at java.lang.Class.searchMethods(Class.java:2646)
	at java.lang.Class.getMethod0(Class.java:2670)
	at java.lang.Class.getMethod(Class.java:1603)
	at Xmlrpc.service(Xmlrpc.groovy:38)
	at Xmlrpc$service.call(Unknown Source)
	at FillpdfController$_closure2.doCall(FillpdfController.groovy:12)
	at FillpdfController$_closure2.doCall(FillpdfController.groovy)
	... 1 more
2010-01-28 14:24:48,856 [http-8080-1] ERROR StackTrace  - Sanitizing stacktrace:
org.codehaus.groovy.runtime.InvokerInvocationException: java.lang.NullPointerException
	at java.lang.Thread.run(Thread.java:637)
Caused by: java.lang.NullPointerException
	at java.lang.Class.searchMethods(Class.java:2646)
	at java.lang.Class.getMethod0(Class.java:2670)
	at java.lang.Class.getMethod(Class.java:1603)
	at Xmlrpc.service(Xmlrpc.groovy:38)
	at Xmlrpc$service.call(Unknown Source)
	at FillpdfController$_closure2.doCall(FillpdfController.groovy:12)
	at FillpdfController$_closure2.doCall(FillpdfController.groovy)
	... 1 more
2010-01-28 14:24:48,856 [http-8080-1] ERROR StackTrace  - Sanitizing stacktrace:
java.lang.NullPointerException
	at java.lang.Class.searchMethods(Class.java:2646)
	at java.lang.Class.getMethod0(Class.java:2670)
	at java.lang.Class.getMethod(Class.java:1603)
	at Xmlrpc.service(Xmlrpc.groovy:38)
	at Xmlrpc$service.call(Unknown Source)
	at FillpdfController$_closure2.doCall(FillpdfController.groovy:12)
	at FillpdfController$_closure2.doCall(FillpdfController.groovy)
	at java.lang.Thread.run(Thread.java:637)
2010-01-28 14:24:48,856 [http-8080-1] ERROR StackTrace  - Sanitizing stacktrace:
org.codehaus.groovy.grails.web.servlet.mvc.exceptions.ControllerExecutionException: Executing action [xmlrpc] of controller [FillpdfController]  caused exception: java.lang.NullPointerException
	at java.lang.Thread.run(Thread.java:637)
Caused by: org.codehaus.groovy.runtime.InvokerInvocationException: java.lang.NullPointerException
	... 1 more
Caused by: java.lang.NullPointerException
	at java.lang.Class.searchMethods(Class.java:2646)
	at java.lang.Class.getMethod0(Class.java:2670)
	at java.lang.Class.getMethod(Class.java:1603)
	at Xmlrpc.service(Xmlrpc.groovy:38)
	at Xmlrpc$service.call(Unknown Source)
	at FillpdfController$_closure2.doCall(FillpdfController.groovy:12)
	at FillpdfController$_closure2.doCall(FillpdfController.groovy)
	... 1 more
